[14:31:37.843] [INFO] storybook v10.3.5
[14:31:38.177] [DEBUG] Getting package.json info for /Users/istvan.polacsek/WebstormProjects/contact-app/package.json...
[14:31:39.733] [INFO] Starting...
[14:31:39.762] [WARN] No story files found for the specified pattern: [34m../**/*.stories.@(js|jsx|ts|tsx)[39m
[14:31:39.764] [WARN] No story files found for the specified pattern: [34m../**/*.mdx[39m
[14:31:39.886] [DEBUG] Starting preview..
[14:31:39.926] [INFO] Using implicit CSS loaders
[14:31:40.151] [INFO] Using SWC as compiler
[14:31:40.199] [INFO] Using default Webpack5 setup
[14:31:40.972] [DEBUG] Using tsconfig paths for react-docgen
[14:31:42.957] [ERROR] Failed to build the preview
[14:31:42.970] [WARN] Force closed preview build
[14:31:42.972] [ERROR] [38;2;241;97;97mSB_BUILDER-WEBPACK5_0003 (WebpackCompilationError): There were problems when compiling your code with Webpack.
Run Storybook with --debug-webpack for more information.[39m
    at starter (file:///Users/istvan.polacsek/WebstormProjects/contact-app/node_modules/@storybook/builder-webpack5/dist/index.js:799:11)
    at starter.next (<anonymous>)
    at Module.start (file:///Users/istvan.polacsek/WebstormProjects/contact-app/node_modules/@storybook/builder-webpack5/dist/index.js:857:34)
    at process.processTicksAndRejections (node:internal/process/task_queues:105:5)
    at async storybookDevServer (file:///Users/istvan.polacsek/WebstormProjects/contact-app/node_modules/storybook/dist/core-server/index.js:7503:83)
    at async buildOrThrow (file:///Users/istvan.polacsek/WebstormProjects/contact-app/node_modules/storybook/dist/core-server/index.js:4508:12)
    at async buildDevStandalone (file:///Users/istvan.polacsek/WebstormProjects/contact-app/node_modules/storybook/dist/core-server/index.js:8033:41)
    at async withTelemetry (file:///Users/istvan.polacsek/WebstormProjects/contact-app/node_modules/storybook/dist/_node-chunks/chunk-FIR43JGQ.js:225:12)
    at async dev (file:///Users/istvan.polacsek/WebstormProjects/contact-app/node_modules/storybook/dist/bin/core.js:2736:3)
    at async _Command.<anonymous> (file:///Users/istvan.polacsek/WebstormProjects/contact-app/node_modules/storybook/dist/bin/core.js:2806:92)
[14:31:42.978] [WARN] Broken build, fix the error above.
You may need to refresh the browser.